C:\Users\Russell\Documents\Visual Studio 2010\Projects\FITSExplorer\FITSFrameworkWin32\Release\cl.command.1.tlog
C:\Users\Russell\Documents\Visual Studio 2010\Projects\FITSExplorer\FITSFrameworkWin32\Release\CL.read.1.tlog
C:\Users\Russell\Documents\Visual Studio 2010\Projects\FITSExplorer\FITSFrameworkWin32\Release\CL.write.1.tlog
C:\USERS\RUSSELL\DOCUMENTS\VISUAL STUDIO 2010\PROJECTS\FITSEXPLORER\FITSFRAMEWORKWIN32\RELEASE\DLLMAIN.OBJ
C:\USERS\RUSSELL\DOCUMENTS\VISUAL STUDIO 2010\PROJECTS\FITSEXPLORER\FITSFRAMEWORKWIN32\RELEASE\FITSFRAMEWORKWIN32.DLL.INTERMEDIATE.MANIFEST
C:\USERS\RUSSELL\DOCUMENTS\VISUAL STUDIO 2010\PROJECTS\FITSEXPLORER\FITSFRAMEWORKWIN32\RELEASE\FITSFRAMEWORKWIN32.OBJ
C:\USERS\RUSSELL\DOCUMENTS\VISUAL STUDIO 2010\PROJECTS\FITSEXPLORER\FITSFRAMEWORKWIN32\RELEASE\FITSFRAMEWORKWIN32.PCH
C:\Users\Russell\Documents\Visual Studio 2010\Projects\FITSExplorer\FITSFrameworkWin32\Release\FITSFrameworkWin32.vcxprojResolveAssemblyReference.cache
C:\Users\Russell\Documents\Visual Studio 2010\Projects\FITSExplorer\FITSFrameworkWin32\Release\FITSFrameworkWin32.write.1.tlog
C:\Users\Russell\Documents\Visual Studio 2010\Projects\FITSExplorer\FITSFrameworkWin32\Release\link.command.1.tlog
C:\Users\Russell\Documents\Visual Studio 2010\Projects\FITSExplorer\FITSFrameworkWin32\Release\link.read.1.tlog
C:\Users\Russell\Documents\Visual Studio 2010\Projects\FITSExplorer\FITSFrameworkWin32\Release\link.write.1.tlog
C:\Users\Russell\Documents\Visual Studio 2010\Projects\FITSExplorer\FITSFrameworkWin32\Release\mt.command.1.tlog
C:\Users\Russell\Documents\Visual Studio 2010\Projects\FITSExplorer\FITSFrameworkWin32\Release\mt.read.1.tlog
C:\Users\Russell\Documents\Visual Studio 2010\Projects\FITSExplorer\FITSFrameworkWin32\Release\mt.write.1.tlog
C:\USERS\RUSSELL\DOCUMENTS\VISUAL STUDIO 2010\PROJECTS\FITSEXPLORER\FITSFRAMEWORKWIN32\RELEASE\STDAFX.OBJ
C:\USERS\RUSSELL\DOCUMENTS\VISUAL STUDIO 2010\PROJECTS\FITSEXPLORER\FITSFRAMEWORKWIN32\RELEASE\VC100.PDB
C:\USERS\RUSSELL\DOCUMENTS\VISUAL STUDIO 2010\PROJECTS\FITSEXPLORER\RELEASE\FITSFRAMEWORKWIN32.DLL
C:\Users\Russell\Documents\Visual Studio 2010\Projects\FITSExplorer\Release\FITSFrameworkWin32.exp
C:\Users\Russell\Documents\Visual Studio 2010\Projects\FITSExplorer\Release\FITSFrameworkWin32.lib
C:\USERS\RUSSELL\DOCUMENTS\VISUAL STUDIO 2010\PROJECTS\FITSEXPLORER\RELEASE\FITSFRAMEWORKWIN32.PDB
