Build started 30/03/2012 17:05:54.
     1>Project "C:\Users\Russell\Documents\Visual Studio 2010\Projects\FITSExplorer\FITSFrameworkWin32\FITSFrameworkWin32.vcxproj" on node 2 (rebuild target(s)).
     1>_PrepareForClean:
         Deleting file "Release\FITSFrameworkWin32.lastbuildstate".
       InitializeBuildStatus:
         Creating "Release\FITSFrameworkWin32.unsuccessfulbuild" because "AlwaysCreate" was specified.
       ClCompile:
         c:\Program Files (x86)\Microsoft Visual Studio 10.0\VC\bin\CL.exe /c /Zi /nologo /W3 /WX- /O2 /Oi /Oy- /GL /D WIN32 /D NDEBUG /D _WINDOWS /D _USRDLL /D FITSFRAMEWORKWIN32_EXPORTS /D _WINDLL /D _UNICODE /D UNICODE /Gm- /EHsc /MD /GS /Gy /fp:precise /Zc:wchar_t /Zc:forScope /Yc"StdAfx.h" /Fp"Release\FITSFrameworkWin32.pch" /Fo"Release\\" /Fd"Release\vc100.pdb" /Gd /TP /analyze- /errorReport:prompt stdafx.cpp
         stdafx.cpp
         c:\Program Files (x86)\Microsoft Visual Studio 10.0\VC\bin\CL.exe /c /Zi /nologo /W3 /WX- /O2 /Oi /Oy- /GL /D WIN32 /D NDEBUG /D _WINDOWS /D _USRDLL /D FITSFRAMEWORKWIN32_EXPORTS /D _WINDLL /D _UNICODE /D UNICODE /Gm- /EHsc /MD /GS /Gy /fp:precise /Zc:wchar_t /Zc:forScope /Fo"Release\\" /Fd"Release\vc100.pdb" /Gd /TP /analyze- /errorReport:prompt dllmain.cpp
         dllmain.cpp
         c:\Program Files (x86)\Microsoft Visual Studio 10.0\VC\bin\CL.exe /c /Zi /nologo /W3 /WX- /O2 /Oi /Oy- /GL /D WIN32 /D NDEBUG /D _WINDOWS /D _USRDLL /D FITSFRAMEWORKWIN32_EXPORTS /D _WINDLL /D _UNICODE /D UNICODE /Gm- /EHsc /MD /GS /Gy /fp:precise /Zc:wchar_t /Zc:forScope /Yu"StdAfx.h" /Fp"Release\FITSFrameworkWin32.pch" /Fo"Release\\" /Fd"Release\vc100.pdb" /Gd /TP /analyze- /errorReport:prompt FITSFrameworkWin32.cpp
         FITSFrameworkWin32.cpp
       Link:
         c:\Program Files (x86)\Microsoft Visual Studio 10.0\VC\bin\link.exe /ERRORREPORT:PROMPT /OUT:"C:\Users\Russell\Documents\Visual Studio 2010\Projects\FITSExplorer\Release\FITSFrameworkWin32.dll" /INCREMENTAL:NO /NOLOGO kernel32.lib user32.lib gdi32.lib winspool.lib comdlg32.lib advapi32.lib shell32.lib ole32.lib oleaut32.lib uuid.lib odbc32.lib odbccp32.lib /MANIFEST /ManifestFile:"Release\FITSFrameworkWin32.dll.intermediate.manifest" /MANIFESTUAC:"level='asInvoker' uiAccess='false'" /DEBUG /PDB:"C:\Users\Russell\Documents\Visual Studio 2010\Projects\FITSExplorer\Release\FITSFrameworkWin32.pdb" /SUBSYSTEM:WINDOWS /OPT:REF /OPT:ICF /LTCG /TLBID:1 /DYNAMICBASE /NXCOMPAT /IMPLIB:"C:\Users\Russell\Documents\Visual Studio 2010\Projects\FITSExplorer\Release\FITSFrameworkWin32.lib" /MACHINE:X86 /DLL Release\dllmain.obj
         Release\FITSFrameworkWin32.obj
         Release\stdafx.obj
            Creating library C:\Users\Russell\Documents\Visual Studio 2010\Projects\FITSExplorer\Release\FITSFrameworkWin32.lib and object C:\Users\Russell\Documents\Visual Studio 2010\Projects\FITSExplorer\Release\FITSFrameworkWin32.exp
         Generating code
         Finished generating code
         FITSFrameworkWin32.vcxproj -> C:\Users\Russell\Documents\Visual Studio 2010\Projects\FITSExplorer\Release\FITSFrameworkWin32.dll
       Manifest:
         C:\Program Files (x86)\Microsoft SDKs\Windows\v7.0A\bin\mt.exe /nologo /verbose /outputresource:"C:\Users\Russell\Documents\Visual Studio 2010\Projects\FITSExplorer\Release\FITSFrameworkWin32.dll;#2" /manifest Release\FITSFrameworkWin32.dll.intermediate.manifest
       FinalizeBuildStatus:
         Deleting file "Release\FITSFrameworkWin32.unsuccessfulbuild".
         Touching "Release\FITSFrameworkWin32.lastbuildstate".
     1>Done Building Project "C:\Users\Russell\Documents\Visual Studio 2010\Projects\FITSExplorer\FITSFrameworkWin32\FITSFrameworkWin32.vcxproj" (rebuild target(s)).

Build succeeded.

Time Elapsed 00:00:01.05
