Build started 30/03/2012 17:07:08.
     1>Project "C:\Users\Russell\Documents\Visual Studio 2010\Projects\FITSExplorer\FITSFrameworkWin32\FITSFrameworkWin32.vcxproj" on node 2 (rebuild target(s)).
     1>_PrepareForClean:
         Deleting file "C:\Users\Russell\Documents\Visual Studio 2010\Projects\FITSExplorer\FITSFrameworkWin32\Win32\Debug\FITSFrameworkWin32.lastbuildstate".
       InitializeBuildStatus:
         Creating "C:\Users\Russell\Documents\Visual Studio 2010\Projects\FITSExplorer\FITSFrameworkWin32\Win32\Debug\FITSFrameworkWin32.unsuccessfulbuild" because "AlwaysCreate" was specified.
       ClCompile:
         c:\Program Files (x86)\Microsoft Visual Studio 10.0\VC\bin\CL.exe /c /ZI /nologo /W3 /WX- /Od /Oy- /D WIN32 /D _DEBUG /D _WINDOWS /D _USRDLL /D FITSFRAMEWORKWIN32_EXPORTS /D _WINDLL /D _UNICODE /D UNICODE /Gm /EHsc /RTC1 /MDd /GS /fp:precise /Zc:wchar_t /Zc:forScope /Yc"StdAfx.h" /Fp"C:\Users\Russell\Documents\Visual Studio 2010\Projects\FITSExplorer\FITSFrameworkWin32\Win32\Debug\FITSFrameworkWin32.pch" /Fo"C:\Users\Russell\Documents\Visual Studio 2010\Projects\FITSExplorer\FITSFrameworkWin32\Win32\Debug\\" /Fd"C:\Users\Russell\Documents\Visual Studio 2010\Projects\FITSExplorer\FITSFrameworkWin32\Win32\Debug\vc100.pdb" /Gd /TP /analyze- /errorReport:prompt stdafx.cpp
         stdafx.cpp
         c:\Program Files (x86)\Microsoft Visual Studio 10.0\VC\bin\CL.exe /c /ZI /nologo /W3 /WX- /Od /Oy- /D WIN32 /D _DEBUG /D _WINDOWS /D _USRDLL /D FITSFRAMEWORKWIN32_EXPORTS /D _WINDLL /D _UNICODE /D UNICODE /Gm /EHsc /RTC1 /MDd /GS /fp:precise /Zc:wchar_t /Zc:forScope /Fo"C:\Users\Russell\Documents\Visual Studio 2010\Projects\FITSExplorer\FITSFrameworkWin32\Win32\Debug\\" /Fd"C:\Users\Russell\Documents\Visual Studio 2010\Projects\FITSExplorer\FITSFrameworkWin32\Win32\Debug\vc100.pdb" /Gd /TP /analyze- /errorReport:prompt dllmain.cpp
         dllmain.cpp
         c:\Program Files (x86)\Microsoft Visual Studio 10.0\VC\bin\CL.exe /c /ZI /nologo /W3 /WX- /Od /Oy- /D WIN32 /D _DEBUG /D _WINDOWS /D _USRDLL /D FITSFRAMEWORKWIN32_EXPORTS /D _WINDLL /D _UNICODE /D UNICODE /Gm /EHsc /RTC1 /MDd /GS /fp:precise /Zc:wchar_t /Zc:forScope /Fo"C:\Users\Russell\Documents\Visual Studio 2010\Projects\FITSExplorer\FITSFrameworkWin32\Win32\Debug\\" /Fd"C:\Users\Russell\Documents\Visual Studio 2010\Projects\FITSExplorer\FITSFrameworkWin32\Win32\Debug\vc100.pdb" /Gd /TP /analyze- /errorReport:prompt FITSFrameworkWin32.cpp
         FITSFrameworkWin32.cpp
       ManifestResourceCompile:
         C:\Program Files (x86)\Microsoft SDKs\Windows\v7.0A\bin\rc.exe /nologo /fo"C:\Users\Russell\Documents\Visual Studio 2010\Projects\FITSExplorer\FITSFrameworkWin32\Win32\Debug\FITSFrameworkWin32.dll.embed.manifest.res" "C:\Users\Russell\Documents\Visual Studio 2010\Projects\FITSExplorer\FITSFrameworkWin32\Win32\Debug\FITSFrameworkWin32_manifest.rc" 
       Link:
         c:\Program Files (x86)\Microsoft Visual Studio 10.0\VC\bin\link.exe /ERRORREPORT:PROMPT /OUT:"C:\Users\Russell\Documents\Visual Studio 2010\Projects\FITSExplorer\FITSFrameworkWin32\Win32\Debug\FITSFrameworkWin32.dll" /INCREMENTAL /NOLOGO kernel32.lib user32.lib gdi32.lib winspool.lib comdlg32.lib advapi32.lib shell32.lib ole32.lib oleaut32.lib uuid.lib odbc32.lib odbccp32.lib /MANIFEST /ManifestFile:"C:\Users\Russell\Documents\Visual Studio 2010\Projects\FITSExplorer\FITSFrameworkWin32\Win32\Debug\FITSFrameworkWin32.dll.intermediate.manifest" /MANIFESTUAC:"level='asInvoker' uiAccess='false'" /DEBUG /PDB:"C:\Users\Russell\Documents\Visual Studio 2010\Projects\FITSExplorer\FITSFrameworkWin32\Win32\Debug\FITSFrameworkWin32.pdb" /SUBSYSTEM:WINDOWS /TLBID:1 /DYNAMICBASE /NXCOMPAT /IMPLIB:"C:\Users\Russell\Documents\Visual Studio 2010\Projects\FITSExplorer\FITSFrameworkWin32\Win32\Debug\FITSFrameworkWin32.lib" /MACHINE:X86 /DLL "C:\Users\Russell\Documents\Visual Studio 2010\Projects\FITSExplorer\FITSFrameworkWin32\Win32\Debug\FITSFrameworkWin32.dll.embed.manifest.res"
         "C:\Users\Russell\Documents\Visual Studio 2010\Projects\FITSExplorer\FITSFrameworkWin32\Win32\Debug\dllmain.obj"
         "C:\Users\Russell\Documents\Visual Studio 2010\Projects\FITSExplorer\FITSFrameworkWin32\Win32\Debug\FITSFrameworkWin32.obj"
         "C:\Users\Russell\Documents\Visual Studio 2010\Projects\FITSExplorer\FITSFrameworkWin32\Win32\Debug\stdafx.obj"
            Creating library C:\Users\Russell\Documents\Visual Studio 2010\Projects\FITSExplorer\FITSFrameworkWin32\Win32\Debug\FITSFrameworkWin32.lib and object C:\Users\Russell\Documents\Visual Studio 2010\Projects\FITSExplorer\FITSFrameworkWin32\Win32\Debug\FITSFrameworkWin32.exp
       Manifest:
         Deleting file "C:\Users\Russell\Documents\Visual Studio 2010\Projects\FITSExplorer\FITSFrameworkWin32\Win32\Debug\FITSFrameworkWin32.dll.embed.manifest".
         C:\Program Files (x86)\Microsoft SDKs\Windows\v7.0A\bin\mt.exe /nologo /verbose /out:"C:\Users\Russell\Documents\Visual Studio 2010\Projects\FITSExplorer\FITSFrameworkWin32\Win32\Debug\FITSFrameworkWin32.dll.embed.manifest" /manifest "C:\Users\Russell\Documents\Visual Studio 2010\Projects\FITSExplorer\FITSFrameworkWin32\Win32\Debug\FITSFrameworkWin32.dll.intermediate.manifest"
         C:\Program Files (x86)\Microsoft SDKs\Windows\v7.0A\bin\rc.exe /nologo /fo"C:\Users\Russell\Documents\Visual Studio 2010\Projects\FITSExplorer\FITSFrameworkWin32\Win32\Debug\FITSFrameworkWin32.dll.embed.manifest.res" "C:\Users\Russell\Documents\Visual Studio 2010\Projects\FITSExplorer\FITSFrameworkWin32\Win32\Debug\FITSFrameworkWin32_manifest.rc" 
       LinkEmbedManifest:
         c:\Program Files (x86)\Microsoft Visual Studio 10.0\VC\bin\link.exe /ERRORREPORT:PROMPT /OUT:"C:\Users\Russell\Documents\Visual Studio 2010\Projects\FITSExplorer\FITSFrameworkWin32\Win32\Debug\FITSFrameworkWin32.dll" /INCREMENTAL /NOLOGO kernel32.lib user32.lib gdi32.lib winspool.lib comdlg32.lib advapi32.lib shell32.lib ole32.lib oleaut32.lib uuid.lib odbc32.lib odbccp32.lib /MANIFEST /ManifestFile:"C:\Users\Russell\Documents\Visual Studio 2010\Projects\FITSExplorer\FITSFrameworkWin32\Win32\Debug\FITSFrameworkWin32.dll.intermediate.manifest" /MANIFESTUAC:"level='asInvoker' uiAccess='false'" /DEBUG /PDB:"C:\Users\Russell\Documents\Visual Studio 2010\Projects\FITSExplorer\FITSFrameworkWin32\Win32\Debug\FITSFrameworkWin32.pdb" /SUBSYSTEM:WINDOWS /TLBID:1 /DYNAMICBASE /NXCOMPAT /IMPLIB:"C:\Users\Russell\Documents\Visual Studio 2010\Projects\FITSExplorer\FITSFrameworkWin32\Win32\Debug\FITSFrameworkWin32.lib" /MACHINE:X86 /DLL "C:\Users\Russell\Documents\Visual Studio 2010\Projects\FITSExplorer\FITSFrameworkWin32\Win32\Debug\FITSFrameworkWin32.dll.embed.manifest.res"
         "C:\Users\Russell\Documents\Visual Studio 2010\Projects\FITSExplorer\FITSFrameworkWin32\Win32\Debug\dllmain.obj"
         "C:\Users\Russell\Documents\Visual Studio 2010\Projects\FITSExplorer\FITSFrameworkWin32\Win32\Debug\FITSFrameworkWin32.obj"
         "C:\Users\Russell\Documents\Visual Studio 2010\Projects\FITSExplorer\FITSFrameworkWin32\Win32\Debug\stdafx.obj"
            Creating library C:\Users\Russell\Documents\Visual Studio 2010\Projects\FITSExplorer\FITSFrameworkWin32\Win32\Debug\FITSFrameworkWin32.lib and object C:\Users\Russell\Documents\Visual Studio 2010\Projects\FITSExplorer\FITSFrameworkWin32\Win32\Debug\FITSFrameworkWin32.exp
         FITSFrameworkWin32.vcxproj -> C:\Users\Russell\Documents\Visual Studio 2010\Projects\FITSExplorer\FITSFrameworkWin32\Win32\Debug\FITSFrameworkWin32.dll
       PostBuildEvent:
         copy "C:\Users\Russell\Documents\Visual Studio 2010\Projects\FITSExplorer\FITSFrameworkWin32\Win32\Debug\FITSFrameworkWin32.dll" "C:\Users\Russell\Documents\Visual Studio 2010\Projects\FITSExplorer\FITSExplorer\bin\Debug\"
         :VCEnd
                 1 file(s) copied.
       FinalizeBuildStatus:
         Deleting file "C:\Users\Russell\Documents\Visual Studio 2010\Projects\FITSExplorer\FITSFrameworkWin32\Win32\Debug\FITSFrameworkWin32.unsuccessfulbuild".
         Touching "C:\Users\Russell\Documents\Visual Studio 2010\Projects\FITSExplorer\FITSFrameworkWin32\Win32\Debug\FITSFrameworkWin32.lastbuildstate".
     1>Done Building Project "C:\Users\Russell\Documents\Visual Studio 2010\Projects\FITSExplorer\FITSFrameworkWin32\FITSFrameworkWin32.vcxproj" (rebuild target(s)).

Build succeeded.

Time Elapsed 00:00:01.80
