C:\Users\Russell\Documents\Visual Studio 2010\Projects\FITSExplorer\FITSFrameworkWin32\Win32\Debug\cl.command.1.tlog
C:\Users\Russell\Documents\Visual Studio 2010\Projects\FITSExplorer\FITSFrameworkWin32\Win32\Debug\CL.read.1.tlog
C:\Users\Russell\Documents\Visual Studio 2010\Projects\FITSExplorer\FITSFrameworkWin32\Win32\Debug\CL.write.1.tlog
C:\USERS\RUSSELL\DOCUMENTS\VISUAL STUDIO 2010\PROJECTS\FITSEXPLORER\FITSFRAMEWORKWIN32\WIN32\DEBUG\DLLMAIN.OBJ
C:\USERS\RUSSELL\DOCUMENTS\VISUAL STUDIO 2010\PROJECTS\FITSEXPLORER\FITSFRAMEWORKWIN32\WIN32\DEBUG\FITSFRAMEWORKWIN32.DLL
C:\USERS\RUSSELL\DOCUMENTS\VISUAL STUDIO 2010\PROJECTS\FITSEXPLORER\FITSFRAMEWORKWIN32\WIN32\DEBUG\FITSFRAMEWORKWIN32.DLL.EMBED.MANIFEST
C:\USERS\RUSSELL\DOCUMENTS\VISUAL STUDIO 2010\PROJECTS\FITSEXPLORER\FITSFRAMEWORKWIN32\WIN32\DEBUG\FITSFRAMEWORKWIN32.DLL.EMBED.MANIFEST.RES
C:\USERS\RUSSELL\DOCUMENTS\VISUAL STUDIO 2010\PROJECTS\FITSEXPLORER\FITSFRAMEWORKWIN32\WIN32\DEBUG\FITSFRAMEWORKWIN32.DLL.INTERMEDIATE.MANIFEST
C:\Users\Russell\Documents\Visual Studio 2010\Projects\FITSExplorer\FITSFrameworkWin32\Win32\Debug\FITSFrameworkWin32.exp
C:\USERS\RUSSELL\DOCUMENTS\VISUAL STUDIO 2010\PROJECTS\FITSEXPLORER\FITSFRAMEWORKWIN32\WIN32\DEBUG\FITSFRAMEWORKWIN32.ILK
C:\Users\Russell\Documents\Visual Studio 2010\Projects\FITSExplorer\FITSFrameworkWin32\Win32\Debug\FITSFrameworkWin32.lib
C:\USERS\RUSSELL\DOCUMENTS\VISUAL STUDIO 2010\PROJECTS\FITSEXPLORER\FITSFRAMEWORKWIN32\WIN32\DEBUG\FITSFRAMEWORKWIN32.OBJ
C:\USERS\RUSSELL\DOCUMENTS\VISUAL STUDIO 2010\PROJECTS\FITSEXPLORER\FITSFRAMEWORKWIN32\WIN32\DEBUG\FITSFRAMEWORKWIN32.PCH
C:\USERS\RUSSELL\DOCUMENTS\VISUAL STUDIO 2010\PROJECTS\FITSEXPLORER\FITSFRAMEWORKWIN32\WIN32\DEBUG\FITSFRAMEWORKWIN32.PDB
C:\Users\Russell\Documents\Visual Studio 2010\Projects\FITSExplorer\FITSFrameworkWin32\Win32\Debug\FITSFrameworkWin32.write.1.tlog
C:\Users\Russell\Documents\Visual Studio 2010\Projects\FITSExplorer\FITSFrameworkWin32\Win32\Debug\FITSFrameworkWin32_manifest.rc
C:\Users\Russell\Documents\Visual Studio 2010\Projects\FITSExplorer\FITSFrameworkWin32\Win32\Debug\link.5784.read.1.tlog
C:\Users\Russell\Documents\Visual Studio 2010\Projects\FITSExplorer\FITSFrameworkWin32\Win32\Debug\link.5784.write.1.tlog
C:\Users\Russell\Documents\Visual Studio 2010\Projects\FITSExplorer\FITSFrameworkWin32\Win32\Debug\link.5784-cvtres.read.1.tlog
C:\Users\Russell\Documents\Visual Studio 2010\Projects\FITSExplorer\FITSFrameworkWin32\Win32\Debug\link.5784-cvtres.write.1.tlog
C:\Users\Russell\Documents\Visual Studio 2010\Projects\FITSExplorer\FITSFrameworkWin32\Win32\Debug\link.command.1.tlog
C:\Users\Russell\Documents\Visual Studio 2010\Projects\FITSExplorer\FITSFrameworkWin32\Win32\Debug\link.read.1.tlog
C:\Users\Russell\Documents\Visual Studio 2010\Projects\FITSExplorer\FITSFrameworkWin32\Win32\Debug\link.write.1.tlog
C:\Users\Russell\Documents\Visual Studio 2010\Projects\FITSExplorer\FITSFrameworkWin32\Win32\Debug\link-cvtres.read.1.tlog
C:\Users\Russell\Documents\Visual Studio 2010\Projects\FITSExplorer\FITSFrameworkWin32\Win32\Debug\link-cvtres.write.1.tlog
C:\Users\Russell\Documents\Visual Studio 2010\Projects\FITSExplorer\FITSFrameworkWin32\Win32\Debug\mt.command.1.tlog
C:\Users\Russell\Documents\Visual Studio 2010\Projects\FITSExplorer\FITSFrameworkWin32\Win32\Debug\mt.read.1.tlog
C:\Users\Russell\Documents\Visual Studio 2010\Projects\FITSExplorer\FITSFrameworkWin32\Win32\Debug\mt.write.1.tlog
C:\Users\Russell\Documents\Visual Studio 2010\Projects\FITSExplorer\FITSFrameworkWin32\Win32\Debug\rc.command.1.tlog
C:\Users\Russell\Documents\Visual Studio 2010\Projects\FITSExplorer\FITSFrameworkWin32\Win32\Debug\rc.read.1.tlog
C:\Users\Russell\Documents\Visual Studio 2010\Projects\FITSExplorer\FITSFrameworkWin32\Win32\Debug\rc.write.1.tlog
C:\USERS\RUSSELL\DOCUMENTS\VISUAL STUDIO 2010\PROJECTS\FITSEXPLORER\FITSFRAMEWORKWIN32\WIN32\DEBUG\STDAFX.OBJ
C:\Users\Russell\Documents\Visual Studio 2010\Projects\FITSExplorer\FITSFrameworkWin32\Win32\Debug\vc100.idb
C:\USERS\RUSSELL\DOCUMENTS\VISUAL STUDIO 2010\PROJECTS\FITSEXPLORER\FITSFRAMEWORKWIN32\WIN32\DEBUG\VC100.PDB
